四月 06, 2017 9:04:39 上午 org.apache.catalina.core.AprLifecycleListener init
警告: The APR based Apache Tomcat Native library failed to load. The error reported was [D:\apache-tomcat-7.0.75-18000\bin\tcnative-1.dll: Can't load AMD 64-bit .dll on a IA 32-bit platform]
java.lang.UnsatisfiedLinkError: D:\apache-tomcat-7.0.75-18000\bin\tcnative-1.dll: Can't load AMD 64-bit .dll on a IA 32-bit platform
	at java.lang.ClassLoader$NativeLibrary.load(Native Method)
	at java.lang.ClassLoader.loadLibrary1(ClassLoader.java:1965)
	at java.lang.ClassLoader.loadLibrary0(ClassLoader.java:1890)
	at java.lang.ClassLoader.loadLibrary(ClassLoader.java:1880)
	at java.lang.Runtime.loadLibrary0(Runtime.java:849)
	at java.lang.System.loadLibrary(System.java:1088)
	at org.apache.tomcat.jni.Library.<init>(Library.java:42)
	at org.apache.tomcat.jni.Library.initialize(Library.java:178)
	at org.apache.catalina.core.AprLifecycleListener.init(AprLifecycleListener.java:200)
	at org.apache.catalina.core.AprLifecycleListener.isAprAvailable(AprLifecycleListener.java:108)
	at org.apache.catalina.connector.Connector.setProtocol(Connector.java:592)
	at org.apache.catalina.connector.Connector.<init>(Connector.java:66)
	at org.apache.catalina.startup.ConnectorCreateRule.begin(ConnectorCreateRule.java:62)
	at org.apache.tomcat.util.digester.Digester.startElement(Digester.java:1303)
	at com.sun.org.apache.xerces.internal.parsers.AbstractSAXParser.startElement(AbstractSAXParser.java:509)
	at com.sun.org.apache.xerces.internal.parsers.AbstractXMLDocumentParser.emptyElement(AbstractXMLDocumentParser.java:182)
	at com.sun.org.apache.xerces.internal.impl.XMLDocumentFragmentScannerImpl.scanStartElement(XMLDocumentFragmentScannerImpl.java:1343)
	at com.sun.org.apache.xerces.internal.impl.XMLDocumentFragmentScannerImpl$FragmentContentDriver.next(XMLDocumentFragmentScannerImpl.java:2786)
	at com.sun.org.apache.xerces.internal.impl.XMLDocumentScannerImpl.next(XMLDocumentScannerImpl.java:606)
	at com.sun.org.apache.xerces.internal.impl.XMLDocumentFragmentScannerImpl.scanDocument(XMLDocumentFragmentScannerImpl.java:510)
	at com.sun.org.apache.xerces.internal.parsers.XML11Configuration.parse(XML11Configuration.java:848)
	at com.sun.org.apache.xerces.internal.parsers.XML11Configuration.parse(XML11Configuration.java:777)
	at com.sun.org.apache.xerces.internal.parsers.XMLParser.parse(XMLParser.java:141)
	at com.sun.org.apache.xerces.internal.parsers.AbstractSAXParser.parse(AbstractSAXParser.java:1213)
	at com.sun.org.apache.xerces.internal.jaxp.SAXParserImpl$JAXPSAXParser.parse(SAXParserImpl.java:648)
	at org.apache.tomcat.util.digester.Digester.parse(Digester.java:1576)
	at org.apache.catalina.startup.Catalina.load(Catalina.java:616)
	at org.apache.catalina.startup.Catalina.load(Catalina.java:667)
	at sun.reflect.NativeMethodAccessorImpl.invoke0(Native Method)
	at sun.reflect.NativeMethodAccessorImpl.invoke(NativeMethodAccessorImpl.java:57)
	at sun.reflect.DelegatingMethodAccessorImpl.invoke(DelegatingMethodAccessorImpl.java:43)
	at java.lang.reflect.Method.invoke(Method.java:606)
	at org.apache.catalina.startup.Bootstrap.load(Bootstrap.java:253)
	at org.apache.catalina.startup.Bootstrap.main(Bootstrap.java:427)

四月 06, 2017 9:04:39 上午 org.apache.catalina.startup.VersionLoggerListener log
信息: Server version:        Apache Tomcat/7.0.75
四月 06, 2017 9:04:39 上午 org.apache.catalina.startup.VersionLoggerListener log
信息: Server built:          Jan 18 2017 20:54:42 UTC
四月 06, 2017 9:04:39 上午 org.apache.catalina.startup.VersionLoggerListener log
信息: Server number:         7.0.75.0
四月 06, 2017 9:04:39 上午 org.apache.catalina.startup.VersionLoggerListener log
信息: OS Name:               Windows 7
四月 06, 2017 9:04:39 上午 org.apache.catalina.startup.VersionLoggerListener log
信息: OS Version:            6.1
四月 06, 2017 9:04:39 上午 org.apache.catalina.startup.VersionLoggerListener log
信息: Architecture:          x86
四月 06, 2017 9:04:39 上午 org.apache.catalina.startup.VersionLoggerListener log
信息: Java Home:             D:\Program Files\Java\jdk1.7.0_75\jre
四月 06, 2017 9:04:39 上午 org.apache.catalina.startup.VersionLoggerListener log
信息: JVM Version:           1.7.0_75-b13
四月 06, 2017 9:04:39 上午 org.apache.catalina.startup.VersionLoggerListener log
信息: JVM Vendor:            Oracle Corporation
四月 06, 2017 9:04:39 上午 org.apache.catalina.startup.VersionLoggerListener log
信息: CATALINA_BASE:         D:\apache-tomcat-7.0.75-18000
四月 06, 2017 9:04:39 上午 org.apache.catalina.startup.VersionLoggerListener log
信息: CATALINA_HOME:         D:\apache-tomcat-7.0.75-18000
四月 06, 2017 9:04:39 上午 org.apache.catalina.startup.VersionLoggerListener log
信息: Command line argument: -Djava.util.logging.config.file=D:\apache-tomcat-7.0.75-18000\conf\logging.properties
四月 06, 2017 9:04:39 上午 org.apache.catalina.startup.VersionLoggerListener log
信息: Command line argument: -Djava.util.logging.manager=org.apache.juli.ClassLoaderLogManager
四月 06, 2017 9:04:39 上午 org.apache.catalina.startup.VersionLoggerListener log
信息: Command line argument: -Djdk.tls.ephemeralDHKeySize=2048
四月 06, 2017 9:04:39 上午 org.apache.catalina.startup.VersionLoggerListener log
信息: Command line argument: -Djava.endorsed.dirs=\endorsed
四月 06, 2017 9:04:39 上午 org.apache.catalina.startup.VersionLoggerListener log
信息: Command line argument: -Dcatalina.base=D:\apache-tomcat-7.0.75-18000
四月 06, 2017 9:04:39 上午 org.apache.catalina.startup.VersionLoggerListener log
信息: Command line argument: -Dcatalina.home=D:\apache-tomcat-7.0.75-18000
四月 06, 2017 9:04:39 上午 org.apache.catalina.startup.VersionLoggerListener log
信息: Command line argument: -Djava.io.tmpdir=D:\apache-tomcat-7.0.75-18000\temp
四月 06, 2017 9:04:40 上午 org.apache.coyote.AbstractProtocol init
信息: Initializing ProtocolHandler ["http-bio-18000"]
四月 06, 2017 9:04:40 上午 org.apache.coyote.AbstractProtocol init
信息: Initializing ProtocolHandler ["ajp-bio-8000"]
四月 06, 2017 9:04:40 上午 org.apache.catalina.startup.Catalina load
信息: Initialization processed in 1146 ms
四月 06, 2017 9:04:40 上午 org.apache.catalina.core.StandardService startInternal
信息: Starting service Catalina
四月 06, 2017 9:04:40 上午 org.apache.catalina.core.StandardEngine startInternal
信息: Starting Servlet Engine: Apache Tomcat/7.0.75
四月 06, 2017 9:04:40 上午 org.apache.catalina.startup.HostConfig deployWAR
信息: Deploying web application archive D:\apache-tomcat-7.0.75-18000\webapps\scube-server.war
四月 06, 2017 9:04:48 上午 org.apache.catalina.startup.TldConfig execute
信息: At least one JAR was scanned for TLDs yet contained no TLDs. Enable debug logging for this logger for a complete list of JARs that were scanned but no TLDs were found in them. Skipping unneeded JARs during scanning can improve startup time and JSP compilation time.
四月 06, 2017 9:04:51 上午 org.apache.catalina.startup.HostConfig deployWAR
信息: Deployment of web application archive D:\apache-tomcat-7.0.75-18000\webapps\scube-server.war has finished in 11,394 ms
四月 06, 2017 9:04:51 上午 org.apache.catalina.startup.HostConfig deployDirectory
信息: Deploying web application directory D:\apache-tomcat-7.0.75-18000\webapps\docs
四月 06, 2017 9:04:51 上午 org.apache.catalina.startup.HostConfig deployDirectory
信息: Deployment of web application directory D:\apache-tomcat-7.0.75-18000\webapps\docs has finished in 62 ms
四月 06, 2017 9:04:51 上午 org.apache.catalina.startup.HostConfig deployDirectory
信息: Deploying web application directory D:\apache-tomcat-7.0.75-18000\webapps\manager
四月 06, 2017 9:04:51 上午 org.apache.catalina.startup.HostConfig deployDirectory
信息: Deployment of web application directory D:\apache-tomcat-7.0.75-18000\webapps\manager has finished in 109 ms
四月 06, 2017 9:04:51 上午 org.apache.catalina.startup.HostConfig deployDirectory
信息: Deploying web application directory D:\apache-tomcat-7.0.75-18000\webapps\ROOT
四月 06, 2017 9:04:51 上午 org.apache.catalina.startup.HostConfig deployDirectory
信息: Deployment of web application directory D:\apache-tomcat-7.0.75-18000\webapps\ROOT has finished in 93 ms
四月 06, 2017 9:04:51 上午 org.apache.coyote.AbstractProtocol start
信息: Starting ProtocolHandler ["http-bio-18000"]
四月 06, 2017 9:04:51 上午 org.apache.coyote.AbstractProtocol start
信息: Starting ProtocolHandler ["ajp-bio-8000"]
四月 06, 2017 9:04:51 上午 org.apache.catalina.startup.Catalina start
信息: Server startup in 11770 ms
四月 06, 2017 7:09:50 下午 org.apache.catalina.core.AprLifecycleListener init
警告: The APR based Apache Tomcat Native library failed to load. The error reported was [D:\apache-tomcat-7.0.75-18000\bin\tcnative-1.dll: Can't load AMD 64-bit .dll on a IA 32-bit platform]
java.lang.UnsatisfiedLinkError: D:\apache-tomcat-7.0.75-18000\bin\tcnative-1.dll: Can't load AMD 64-bit .dll on a IA 32-bit platform
	at java.lang.ClassLoader$NativeLibrary.load(Native Method)
	at java.lang.ClassLoader.loadLibrary1(ClassLoader.java:1965)
	at java.lang.ClassLoader.loadLibrary0(ClassLoader.java:1890)
	at java.lang.ClassLoader.loadLibrary(ClassLoader.java:1880)
	at java.lang.Runtime.loadLibrary0(Runtime.java:849)
	at java.lang.System.loadLibrary(System.java:1088)
	at org.apache.tomcat.jni.Library.<init>(Library.java:42)
	at org.apache.tomcat.jni.Library.initialize(Library.java:178)
	at org.apache.catalina.core.AprLifecycleListener.init(AprLifecycleListener.java:200)
	at org.apache.catalina.core.AprLifecycleListener.isAprAvailable(AprLifecycleListener.java:108)
	at org.apache.catalina.connector.Connector.setProtocol(Connector.java:592)
	at org.apache.catalina.connector.Connector.<init>(Connector.java:66)
	at org.apache.catalina.startup.ConnectorCreateRule.begin(ConnectorCreateRule.java:62)
	at org.apache.tomcat.util.digester.Digester.startElement(Digester.java:1303)
	at com.sun.org.apache.xerces.internal.parsers.AbstractSAXParser.startElement(AbstractSAXParser.java:509)
	at com.sun.org.apache.xerces.internal.parsers.AbstractXMLDocumentParser.emptyElement(AbstractXMLDocumentParser.java:182)
	at com.sun.org.apache.xerces.internal.impl.XMLDocumentFragmentScannerImpl.scanStartElement(XMLDocumentFragmentScannerImpl.java:1343)
	at com.sun.org.apache.xerces.internal.impl.XMLDocumentFragmentScannerImpl$FragmentContentDriver.next(XMLDocumentFragmentScannerImpl.java:2786)
	at com.sun.org.apache.xerces.internal.impl.XMLDocumentScannerImpl.next(XMLDocumentScannerImpl.java:606)
	at com.sun.org.apache.xerces.internal.impl.XMLDocumentFragmentScannerImpl.scanDocument(XMLDocumentFragmentScannerImpl.java:510)
	at com.sun.org.apache.xerces.internal.parsers.XML11Configuration.parse(XML11Configuration.java:848)
	at com.sun.org.apache.xerces.internal.parsers.XML11Configuration.parse(XML11Configuration.java:777)
	at com.sun.org.apache.xerces.internal.parsers.XMLParser.parse(XMLParser.java:141)
	at com.sun.org.apache.xerces.internal.parsers.AbstractSAXParser.parse(AbstractSAXParser.java:1213)
	at com.sun.org.apache.xerces.internal.jaxp.SAXParserImpl$JAXPSAXParser.parse(SAXParserImpl.java:648)
	at org.apache.tomcat.util.digester.Digester.parse(Digester.java:1576)
	at org.apache.catalina.startup.Catalina.load(Catalina.java:616)
	at org.apache.catalina.startup.Catalina.load(Catalina.java:667)
	at sun.reflect.NativeMethodAccessorImpl.invoke0(Native Method)
	at sun.reflect.NativeMethodAccessorImpl.invoke(NativeMethodAccessorImpl.java:57)
	at sun.reflect.DelegatingMethodAccessorImpl.invoke(DelegatingMethodAccessorImpl.java:43)
	at java.lang.reflect.Method.invoke(Method.java:606)
	at org.apache.catalina.startup.Bootstrap.load(Bootstrap.java:253)
	at org.apache.catalina.startup.Bootstrap.main(Bootstrap.java:427)

四月 06, 2017 7:09:51 下午 org.apache.catalina.startup.VersionLoggerListener log
信息: Server version:        Apache Tomcat/7.0.75
四月 06, 2017 7:09:51 下午 org.apache.catalina.startup.VersionLoggerListener log
信息: Server built:          Jan 18 2017 20:54:42 UTC
四月 06, 2017 7:09:51 下午 org.apache.catalina.startup.VersionLoggerListener log
信息: Server number:         7.0.75.0
四月 06, 2017 7:09:51 下午 org.apache.catalina.startup.VersionLoggerListener log
信息: OS Name:               Windows 7
四月 06, 2017 7:09:51 下午 org.apache.catalina.startup.VersionLoggerListener log
信息: OS Version:            6.1
四月 06, 2017 7:09:51 下午 org.apache.catalina.startup.VersionLoggerListener log
信息: Architecture:          x86
四月 06, 2017 7:09:51 下午 org.apache.catalina.startup.VersionLoggerListener log
信息: Java Home:             D:\Program Files\Java\jdk1.7.0_75\jre
四月 06, 2017 7:09:51 下午 org.apache.catalina.startup.VersionLoggerListener log
信息: JVM Version:           1.7.0_75-b13
四月 06, 2017 7:09:51 下午 org.apache.catalina.startup.VersionLoggerListener log
信息: JVM Vendor:            Oracle Corporation
四月 06, 2017 7:09:51 下午 org.apache.catalina.startup.VersionLoggerListener log
信息: CATALINA_BASE:         D:\apache-tomcat-7.0.75-18000
四月 06, 2017 7:09:51 下午 org.apache.catalina.startup.VersionLoggerListener log
信息: CATALINA_HOME:         D:\apache-tomcat-7.0.75-18000
四月 06, 2017 7:09:51 下午 org.apache.catalina.startup.VersionLoggerListener log
信息: Command line argument: -Djava.util.logging.config.file=D:\apache-tomcat-7.0.75-18000\conf\logging.properties
四月 06, 2017 7:09:51 下午 org.apache.catalina.startup.VersionLoggerListener log
信息: Command line argument: -Djava.util.logging.manager=org.apache.juli.ClassLoaderLogManager
四月 06, 2017 7:09:51 下午 org.apache.catalina.startup.VersionLoggerListener log
信息: Command line argument: -Djdk.tls.ephemeralDHKeySize=2048
四月 06, 2017 7:09:51 下午 org.apache.catalina.startup.VersionLoggerListener log
信息: Command line argument: -Djava.endorsed.dirs=\endorsed
四月 06, 2017 7:09:51 下午 org.apache.catalina.startup.VersionLoggerListener log
信息: Command line argument: -Dcatalina.base=D:\apache-tomcat-7.0.75-18000
四月 06, 2017 7:09:51 下午 org.apache.catalina.startup.VersionLoggerListener log
信息: Command line argument: -Dcatalina.home=D:\apache-tomcat-7.0.75-18000
四月 06, 2017 7:09:51 下午 org.apache.catalina.startup.VersionLoggerListener log
信息: Command line argument: -Djava.io.tmpdir=D:\apache-tomcat-7.0.75-18000\temp
四月 06, 2017 7:09:52 下午 org.apache.coyote.AbstractProtocol init
信息: Initializing ProtocolHandler ["http-bio-18000"]
四月 06, 2017 7:09:52 下午 org.apache.coyote.AbstractProtocol init
信息: Initializing ProtocolHandler ["ajp-bio-8000"]
四月 06, 2017 7:09:52 下午 org.apache.catalina.startup.Catalina load
信息: Initialization processed in 3544 ms
四月 06, 2017 7:09:52 下午 org.apache.catalina.core.StandardService startInternal
信息: Starting service Catalina
四月 06, 2017 7:09:52 下午 org.apache.catalina.core.StandardEngine startInternal
信息: Starting Servlet Engine: Apache Tomcat/7.0.75
四月 06, 2017 7:09:52 下午 org.apache.catalina.startup.HostConfig deployWAR
信息: Deploying web application archive D:\apache-tomcat-7.0.75-18000\webapps\scube-server.war
四月 06, 2017 7:09:59 下午 org.apache.catalina.startup.TldConfig execute
信息: At least one JAR was scanned for TLDs yet contained no TLDs. Enable debug logging for this logger for a complete list of JARs that were scanned but no TLDs were found in them. Skipping unneeded JARs during scanning can improve startup time and JSP compilation time.
四月 06, 2017 7:10:02 下午 org.apache.catalina.util.SessionIdGeneratorBase createSecureRandom
信息: Creation of SecureRandom instance for session ID generation using [SHA1PRNG] took [187] milliseconds.
四月 06, 2017 7:10:02 下午 org.apache.catalina.startup.HostConfig deployWAR
信息: Deployment of web application archive D:\apache-tomcat-7.0.75-18000\webapps\scube-server.war has finished in 9,377 ms
四月 06, 2017 7:10:02 下午 org.apache.catalina.startup.HostConfig deployDirectory
信息: Deploying web application directory D:\apache-tomcat-7.0.75-18000\webapps\docs
四月 06, 2017 7:10:02 下午 org.apache.catalina.startup.HostConfig deployDirectory
信息: Deployment of web application directory D:\apache-tomcat-7.0.75-18000\webapps\docs has finished in 62 ms
四月 06, 2017 7:10:02 下午 org.apache.catalina.startup.HostConfig deployDirectory
信息: Deploying web application directory D:\apache-tomcat-7.0.75-18000\webapps\manager
四月 06, 2017 7:10:02 下午 org.apache.catalina.startup.HostConfig deployDirectory
信息: Deployment of web application directory D:\apache-tomcat-7.0.75-18000\webapps\manager has finished in 78 ms
四月 06, 2017 7:10:02 下午 org.apache.catalina.startup.HostConfig deployDirectory
信息: Deploying web application directory D:\apache-tomcat-7.0.75-18000\webapps\ROOT
四月 06, 2017 7:10:02 下午 org.apache.catalina.startup.HostConfig deployDirectory
信息: Deployment of web application directory D:\apache-tomcat-7.0.75-18000\webapps\ROOT has finished in 109 ms
四月 06, 2017 7:10:02 下午 org.apache.coyote.AbstractProtocol start
信息: Starting ProtocolHandler ["http-bio-18000"]
四月 06, 2017 7:10:02 下午 org.apache.coyote.AbstractProtocol start
信息: Starting ProtocolHandler ["ajp-bio-8000"]
四月 06, 2017 7:10:02 下午 org.apache.catalina.startup.Catalina start
信息: Server startup in 9883 ms
