九月 11, 2017 9:15:52 上午 org.apache.catalina.startup.VersionLoggerListener log
信息: Server version:        Apache Tomcat/7.0.75
九月 11, 2017 9:15:52 上午 org.apache.catalina.startup.VersionLoggerListener log
信息: Server built:          Jan 18 2017 20:54:42 UTC
九月 11, 2017 9:15:52 上午 org.apache.catalina.startup.VersionLoggerListener log
信息: Server number:         7.0.75.0
九月 11, 2017 9:15:52 上午 org.apache.catalina.startup.VersionLoggerListener log
信息: OS Name:               Windows 7
九月 11, 2017 9:15:52 上午 org.apache.catalina.startup.VersionLoggerListener log
信息: OS Version:            6.1
九月 11, 2017 9:15:52 上午 org.apache.catalina.startup.VersionLoggerListener log
信息: Architecture:          amd64
九月 11, 2017 9:15:52 上午 org.apache.catalina.startup.VersionLoggerListener log
信息: Java Home:             C:\Program Files (x86)\aTools\JDK\Jdk_1.8\jdk1.8.0_121\jre
九月 11, 2017 9:15:52 上午 org.apache.catalina.startup.VersionLoggerListener log
信息: JVM Version:           1.8.0_121-b13
九月 11, 2017 9:15:52 上午 org.apache.catalina.startup.VersionLoggerListener log
信息: JVM Vendor:            Oracle Corporation
九月 11, 2017 9:15:52 上午 org.apache.catalina.startup.VersionLoggerListener log
信息: CATALINA_BASE:         D:\apps\Tomcat\apache-tomcat-7.0.75-18000
九月 11, 2017 9:15:52 上午 org.apache.catalina.startup.VersionLoggerListener log
信息: CATALINA_HOME:         D:\apps\Tomcat\apache-tomcat-7.0.75-18000
九月 11, 2017 9:15:52 上午 org.apache.catalina.startup.VersionLoggerListener log
信息: Command line argument: -Djava.util.logging.config.file=D:\apps\Tomcat\apache-tomcat-7.0.75-18000\conf\logging.properties
九月 11, 2017 9:15:52 上午 org.apache.catalina.startup.VersionLoggerListener log
信息: Command line argument: -Djava.util.logging.manager=org.apache.juli.ClassLoaderLogManager
九月 11, 2017 9:15:52 上午 org.apache.catalina.startup.VersionLoggerListener log
信息: Command line argument: -Djdk.tls.ephemeralDHKeySize=2048
九月 11, 2017 9:15:52 上午 org.apache.catalina.startup.VersionLoggerListener log
信息: Command line argument: -Djava.endorsed.dirs=\endorsed
九月 11, 2017 9:15:52 上午 org.apache.catalina.startup.VersionLoggerListener log
信息: Command line argument: -Dcatalina.base=D:\apps\Tomcat\apache-tomcat-7.0.75-18000
九月 11, 2017 9:15:52 上午 org.apache.catalina.startup.VersionLoggerListener log
信息: Command line argument: -Dcatalina.home=D:\apps\Tomcat\apache-tomcat-7.0.75-18000
九月 11, 2017 9:15:52 上午 org.apache.catalina.startup.VersionLoggerListener log
信息: Command line argument: -Djava.io.tmpdir=D:\apps\Tomcat\apache-tomcat-7.0.75-18000\temp
九月 11, 2017 9:15:52 上午 org.apache.catalina.core.AprLifecycleListener lifecycleEvent
信息: Loaded APR based Apache Tomcat Native library 1.2.10 using APR version 1.5.2.
九月 11, 2017 9:15:52 上午 org.apache.catalina.core.AprLifecycleListener lifecycleEvent
信息: APR capabilities: IPv6 [true], sendfile [true], accept filters [false], random [true].
九月 11, 2017 9:15:53 上午 org.apache.catalina.core.AprLifecycleListener initializeSSL
信息: OpenSSL successfully initialized (OpenSSL 1.0.2j  26 Sep 2016)
九月 11, 2017 9:15:53 上午 org.apache.coyote.AbstractProtocol init
信息: Initializing ProtocolHandler ["http-apr-18000"]
九月 11, 2017 9:15:53 上午 org.apache.coyote.AbstractProtocol init
信息: Initializing ProtocolHandler ["ajp-apr-8001"]
九月 11, 2017 9:15:53 上午 org.apache.catalina.startup.Catalina load
信息: Initialization processed in 2542 ms
九月 11, 2017 9:15:53 上午 org.apache.catalina.core.StandardService startInternal
信息: Starting service Catalina
九月 11, 2017 9:15:53 上午 org.apache.catalina.core.StandardEngine startInternal
信息: Starting Servlet Engine: Apache Tomcat/7.0.75
九月 11, 2017 9:15:53 上午 org.apache.catalina.startup.HostConfig deployWAR
信息: Deploying web application archive D:\apps\Tomcat\apache-tomcat-7.0.75-18000\webapps\scube-server.war
九月 11, 2017 9:15:57 上午 org.apache.catalina.startup.TldConfig execute
信息: At least one JAR was scanned for TLDs yet contained no TLDs. Enable debug logging for this logger for a complete list of JARs that were scanned but no TLDs were found in them. Skipping unneeded JARs during scanning can improve startup time and JSP compilation time.
九月 11, 2017 9:15:59 上午 org.apache.catalina.startup.HostConfig deployWAR
信息: Deployment of web application archive D:\apps\Tomcat\apache-tomcat-7.0.75-18000\webapps\scube-server.war has finished in 6,115 ms
九月 11, 2017 9:15:59 上午 org.apache.catalina.startup.HostConfig deployDirectory
信息: Deploying web application directory D:\apps\Tomcat\apache-tomcat-7.0.75-18000\webapps\back
九月 11, 2017 9:15:59 上午 org.apache.catalina.startup.HostConfig deployDirectory
信息: Deployment of web application directory D:\apps\Tomcat\apache-tomcat-7.0.75-18000\webapps\back has finished in 63 ms
九月 11, 2017 9:15:59 上午 org.apache.catalina.startup.HostConfig deployDirectory
信息: Deploying web application directory D:\apps\Tomcat\apache-tomcat-7.0.75-18000\webapps\docs
九月 11, 2017 9:16:00 上午 org.apache.catalina.startup.HostConfig deployDirectory
信息: Deployment of web application directory D:\apps\Tomcat\apache-tomcat-7.0.75-18000\webapps\docs has finished in 93 ms
九月 11, 2017 9:16:00 上午 org.apache.catalina.startup.HostConfig deployDirectory
信息: Deploying web application directory D:\apps\Tomcat\apache-tomcat-7.0.75-18000\webapps\manager
九月 11, 2017 9:16:00 上午 org.apache.catalina.startup.HostConfig deployDirectory
信息: Deployment of web application directory D:\apps\Tomcat\apache-tomcat-7.0.75-18000\webapps\manager has finished in 109 ms
九月 11, 2017 9:16:00 上午 org.apache.catalina.startup.HostConfig deployDirectory
信息: Deploying web application directory D:\apps\Tomcat\apache-tomcat-7.0.75-18000\webapps\ROOT
九月 11, 2017 9:16:00 上午 org.apache.catalina.startup.HostConfig deployDirectory
信息: Deployment of web application directory D:\apps\Tomcat\apache-tomcat-7.0.75-18000\webapps\ROOT has finished in 78 ms
九月 11, 2017 9:16:00 上午 org.apache.coyote.AbstractProtocol start
信息: Starting ProtocolHandler ["http-apr-18000"]
九月 11, 2017 9:16:00 上午 org.apache.coyote.AbstractProtocol start
信息: Starting ProtocolHandler ["ajp-apr-8001"]
九月 11, 2017 9:16:00 上午 org.apache.catalina.startup.Catalina start
信息: Server startup in 6719 ms
九月 11, 2017 9:38:22 上午 org.apache.catalina.startup.VersionLoggerListener log
信息: Server version:        Apache Tomcat/7.0.75
九月 11, 2017 9:38:22 上午 org.apache.catalina.startup.VersionLoggerListener log
信息: Server built:          Jan 18 2017 20:54:42 UTC
九月 11, 2017 9:38:22 上午 org.apache.catalina.startup.VersionLoggerListener log
信息: Server number:         7.0.75.0
九月 11, 2017 9:38:22 上午 org.apache.catalina.startup.VersionLoggerListener log
信息: OS Name:               Windows 7
九月 11, 2017 9:38:22 上午 org.apache.catalina.startup.VersionLoggerListener log
信息: OS Version:            6.1
九月 11, 2017 9:38:22 上午 org.apache.catalina.startup.VersionLoggerListener log
信息: Architecture:          amd64
九月 11, 2017 9:38:22 上午 org.apache.catalina.startup.VersionLoggerListener log
信息: Java Home:             C:\Program Files (x86)\aTools\JDK\Jdk_1.8\jdk1.8.0_121\jre
九月 11, 2017 9:38:22 上午 org.apache.catalina.startup.VersionLoggerListener log
信息: JVM Version:           1.8.0_121-b13
九月 11, 2017 9:38:22 上午 org.apache.catalina.startup.VersionLoggerListener log
信息: JVM Vendor:            Oracle Corporation
九月 11, 2017 9:38:22 上午 org.apache.catalina.startup.VersionLoggerListener log
信息: CATALINA_BASE:         D:\apps\Tomcat\apache-tomcat-7.0.75-18000
九月 11, 2017 9:38:22 上午 org.apache.catalina.startup.VersionLoggerListener log
信息: CATALINA_HOME:         D:\apps\Tomcat\apache-tomcat-7.0.75-18000
九月 11, 2017 9:38:22 上午 org.apache.catalina.startup.VersionLoggerListener log
信息: Command line argument: -Djava.util.logging.config.file=D:\apps\Tomcat\apache-tomcat-7.0.75-18000\conf\logging.properties
九月 11, 2017 9:38:22 上午 org.apache.catalina.startup.VersionLoggerListener log
信息: Command line argument: -Djava.util.logging.manager=org.apache.juli.ClassLoaderLogManager
九月 11, 2017 9:38:22 上午 org.apache.catalina.startup.VersionLoggerListener log
信息: Command line argument: -Djdk.tls.ephemeralDHKeySize=2048
九月 11, 2017 9:38:22 上午 org.apache.catalina.startup.VersionLoggerListener log
信息: Command line argument: -Djava.endorsed.dirs=\endorsed
九月 11, 2017 9:38:22 上午 org.apache.catalina.startup.VersionLoggerListener log
信息: Command line argument: -Dcatalina.base=D:\apps\Tomcat\apache-tomcat-7.0.75-18000
九月 11, 2017 9:38:22 上午 org.apache.catalina.startup.VersionLoggerListener log
信息: Command line argument: -Dcatalina.home=D:\apps\Tomcat\apache-tomcat-7.0.75-18000
九月 11, 2017 9:38:22 上午 org.apache.catalina.startup.VersionLoggerListener log
信息: Command line argument: -Djava.io.tmpdir=D:\apps\Tomcat\apache-tomcat-7.0.75-18000\temp
九月 11, 2017 9:38:22 上午 org.apache.catalina.core.AprLifecycleListener lifecycleEvent
信息: Loaded APR based Apache Tomcat Native library 1.2.10 using APR version 1.5.2.
九月 11, 2017 9:38:22 上午 org.apache.catalina.core.AprLifecycleListener lifecycleEvent
信息: APR capabilities: IPv6 [true], sendfile [true], accept filters [false], random [true].
九月 11, 2017 9:38:23 上午 org.apache.catalina.core.AprLifecycleListener initializeSSL
信息: OpenSSL successfully initialized (OpenSSL 1.0.2j  26 Sep 2016)
九月 11, 2017 9:38:23 上午 org.apache.coyote.AbstractProtocol init
信息: Initializing ProtocolHandler ["http-apr-18000"]
九月 11, 2017 9:38:23 上午 org.apache.coyote.AbstractProtocol init
信息: Initializing ProtocolHandler ["ajp-apr-8001"]
九月 11, 2017 9:38:23 上午 org.apache.catalina.startup.Catalina load
信息: Initialization processed in 1979 ms
九月 11, 2017 9:38:23 上午 org.apache.catalina.core.StandardService startInternal
信息: Starting service Catalina
九月 11, 2017 9:38:23 上午 org.apache.catalina.core.StandardEngine startInternal
信息: Starting Servlet Engine: Apache Tomcat/7.0.75
九月 11, 2017 9:38:24 上午 org.apache.catalina.startup.HostConfig deployWAR
信息: Deploying web application archive D:\apps\Tomcat\apache-tomcat-7.0.75-18000\webapps\scube-server.war
九月 11, 2017 9:38:26 上午 org.apache.catalina.startup.TldConfig execute
信息: At least one JAR was scanned for TLDs yet contained no TLDs. Enable debug logging for this logger for a complete list of JARs that were scanned but no TLDs were found in them. Skipping unneeded JARs during scanning can improve startup time and JSP compilation time.
九月 11, 2017 9:38:28 上午 org.apache.catalina.startup.HostConfig deployWAR
信息: Deployment of web application archive D:\apps\Tomcat\apache-tomcat-7.0.75-18000\webapps\scube-server.war has finished in 4,478 ms
九月 11, 2017 9:38:28 上午 org.apache.catalina.startup.HostConfig deployDirectory
信息: Deploying web application directory D:\apps\Tomcat\apache-tomcat-7.0.75-18000\webapps\back
九月 11, 2017 9:38:28 上午 org.apache.catalina.startup.HostConfig deployDirectory
信息: Deployment of web application directory D:\apps\Tomcat\apache-tomcat-7.0.75-18000\webapps\back has finished in 78 ms
九月 11, 2017 9:38:28 上午 org.apache.catalina.startup.HostConfig deployDirectory
信息: Deploying web application directory D:\apps\Tomcat\apache-tomcat-7.0.75-18000\webapps\docs
九月 11, 2017 9:38:28 上午 org.apache.catalina.startup.HostConfig deployDirectory
信息: Deployment of web application directory D:\apps\Tomcat\apache-tomcat-7.0.75-18000\webapps\docs has finished in 62 ms
九月 11, 2017 9:38:28 上午 org.apache.catalina.startup.HostConfig deployDirectory
信息: Deploying web application directory D:\apps\Tomcat\apache-tomcat-7.0.75-18000\webapps\manager
九月 11, 2017 9:38:28 上午 org.apache.catalina.startup.HostConfig deployDirectory
信息: Deployment of web application directory D:\apps\Tomcat\apache-tomcat-7.0.75-18000\webapps\manager has finished in 94 ms
九月 11, 2017 9:38:28 上午 org.apache.catalina.startup.HostConfig deployDirectory
信息: Deploying web application directory D:\apps\Tomcat\apache-tomcat-7.0.75-18000\webapps\ROOT
九月 11, 2017 9:38:28 上午 org.apache.catalina.startup.HostConfig deployDirectory
信息: Deployment of web application directory D:\apps\Tomcat\apache-tomcat-7.0.75-18000\webapps\ROOT has finished in 62 ms
九月 11, 2017 9:38:28 上午 org.apache.coyote.AbstractProtocol start
信息: Starting ProtocolHandler ["http-apr-18000"]
九月 11, 2017 9:38:28 上午 org.apache.coyote.AbstractProtocol start
信息: Starting ProtocolHandler ["ajp-apr-8001"]
九月 11, 2017 9:38:28 上午 org.apache.catalina.startup.Catalina start
信息: Server startup in 4917 ms
九月 11, 2017 2:14:51 下午 org.apache.catalina.startup.VersionLoggerListener log
信息: Server version:        Apache Tomcat/7.0.75
九月 11, 2017 2:14:51 下午 org.apache.catalina.startup.VersionLoggerListener log
信息: Server built:          Jan 18 2017 20:54:42 UTC
九月 11, 2017 2:14:51 下午 org.apache.catalina.startup.VersionLoggerListener log
信息: Server number:         7.0.75.0
九月 11, 2017 2:14:51 下午 org.apache.catalina.startup.VersionLoggerListener log
信息: OS Name:               Windows 7
九月 11, 2017 2:14:51 下午 org.apache.catalina.startup.VersionLoggerListener log
信息: OS Version:            6.1
九月 11, 2017 2:14:51 下午 org.apache.catalina.startup.VersionLoggerListener log
信息: Architecture:          amd64
九月 11, 2017 2:14:51 下午 org.apache.catalina.startup.VersionLoggerListener log
信息: Java Home:             C:\Program Files (x86)\aTools\JDK\Jdk_1.8\jdk1.8.0_121\jre
九月 11, 2017 2:14:51 下午 org.apache.catalina.startup.VersionLoggerListener log
信息: JVM Version:           1.8.0_121-b13
九月 11, 2017 2:14:51 下午 org.apache.catalina.startup.VersionLoggerListener log
信息: JVM Vendor:            Oracle Corporation
九月 11, 2017 2:14:51 下午 org.apache.catalina.startup.VersionLoggerListener log
信息: CATALINA_BASE:         D:\apps\Tomcat\apache-tomcat-7.0.75-18000
九月 11, 2017 2:14:51 下午 org.apache.catalina.startup.VersionLoggerListener log
信息: CATALINA_HOME:         D:\apps\Tomcat\apache-tomcat-7.0.75-18000
九月 11, 2017 2:14:51 下午 org.apache.catalina.startup.VersionLoggerListener log
信息: Command line argument: -Djava.util.logging.config.file=D:\apps\Tomcat\apache-tomcat-7.0.75-18000\conf\logging.properties
九月 11, 2017 2:14:51 下午 org.apache.catalina.startup.VersionLoggerListener log
信息: Command line argument: -Djava.util.logging.manager=org.apache.juli.ClassLoaderLogManager
九月 11, 2017 2:14:51 下午 org.apache.catalina.startup.VersionLoggerListener log
信息: Command line argument: -Djdk.tls.ephemeralDHKeySize=2048
九月 11, 2017 2:14:51 下午 org.apache.catalina.startup.VersionLoggerListener log
信息: Command line argument: -Djava.endorsed.dirs=\endorsed
九月 11, 2017 2:14:51 下午 org.apache.catalina.startup.VersionLoggerListener log
信息: Command line argument: -Dcatalina.base=D:\apps\Tomcat\apache-tomcat-7.0.75-18000
九月 11, 2017 2:14:51 下午 org.apache.catalina.startup.VersionLoggerListener log
信息: Command line argument: -Dcatalina.home=D:\apps\Tomcat\apache-tomcat-7.0.75-18000
九月 11, 2017 2:14:51 下午 org.apache.catalina.startup.VersionLoggerListener log
信息: Command line argument: -Djava.io.tmpdir=D:\apps\Tomcat\apache-tomcat-7.0.75-18000\temp
九月 11, 2017 2:14:51 下午 org.apache.catalina.core.AprLifecycleListener lifecycleEvent
信息: Loaded APR based Apache Tomcat Native library 1.2.10 using APR version 1.5.2.
九月 11, 2017 2:14:51 下午 org.apache.catalina.core.AprLifecycleListener lifecycleEvent
信息: APR capabilities: IPv6 [true], sendfile [true], accept filters [false], random [true].
九月 11, 2017 2:14:52 下午 org.apache.catalina.core.AprLifecycleListener initializeSSL
信息: OpenSSL successfully initialized (OpenSSL 1.0.2j  26 Sep 2016)
九月 11, 2017 2:14:52 下午 org.apache.coyote.AbstractProtocol init
信息: Initializing ProtocolHandler ["http-apr-18000"]
九月 11, 2017 2:14:52 下午 org.apache.coyote.AbstractProtocol init
信息: Initializing ProtocolHandler ["ajp-apr-8001"]
九月 11, 2017 2:14:52 下午 org.apache.catalina.startup.Catalina load
信息: Initialization processed in 2104 ms
九月 11, 2017 2:14:52 下午 org.apache.catalina.core.StandardService startInternal
信息: Starting service Catalina
九月 11, 2017 2:14:52 下午 org.apache.catalina.core.StandardEngine startInternal
信息: Starting Servlet Engine: Apache Tomcat/7.0.75
九月 11, 2017 2:14:52 下午 org.apache.catalina.startup.HostConfig deployWAR
信息: Deploying web application archive D:\apps\Tomcat\apache-tomcat-7.0.75-18000\webapps\scube-server.war
九月 11, 2017 2:14:54 下午 org.apache.catalina.startup.TldConfig execute
信息: At least one JAR was scanned for TLDs yet contained no TLDs. Enable debug logging for this logger for a complete list of JARs that were scanned but no TLDs were found in them. Skipping unneeded JARs during scanning can improve startup time and JSP compilation time.
九月 11, 2017 2:14:57 下午 org.apache.catalina.startup.HostConfig deployWAR
信息: Deployment of web application archive D:\apps\Tomcat\apache-tomcat-7.0.75-18000\webapps\scube-server.war has finished in 5,023 ms
九月 11, 2017 2:14:57 下午 org.apache.catalina.startup.HostConfig deployDirectory
信息: Deploying web application directory D:\apps\Tomcat\apache-tomcat-7.0.75-18000\webapps\back
九月 11, 2017 2:14:57 下午 org.apache.catalina.startup.HostConfig deployDirectory
信息: Deployment of web application directory D:\apps\Tomcat\apache-tomcat-7.0.75-18000\webapps\back has finished in 78 ms
九月 11, 2017 2:14:57 下午 org.apache.catalina.startup.HostConfig deployDirectory
信息: Deploying web application directory D:\apps\Tomcat\apache-tomcat-7.0.75-18000\webapps\docs
九月 11, 2017 2:14:57 下午 org.apache.catalina.startup.HostConfig deployDirectory
信息: Deployment of web application directory D:\apps\Tomcat\apache-tomcat-7.0.75-18000\webapps\docs has finished in 62 ms
九月 11, 2017 2:14:57 下午 org.apache.catalina.startup.HostConfig deployDirectory
信息: Deploying web application directory D:\apps\Tomcat\apache-tomcat-7.0.75-18000\webapps\manager
九月 11, 2017 2:14:57 下午 org.apache.catalina.startup.HostConfig deployDirectory
信息: Deployment of web application directory D:\apps\Tomcat\apache-tomcat-7.0.75-18000\webapps\manager has finished in 94 ms
九月 11, 2017 2:14:57 下午 org.apache.catalina.startup.HostConfig deployDirectory
信息: Deploying web application directory D:\apps\Tomcat\apache-tomcat-7.0.75-18000\webapps\ROOT
九月 11, 2017 2:14:57 下午 org.apache.catalina.startup.HostConfig deployDirectory
信息: Deployment of web application directory D:\apps\Tomcat\apache-tomcat-7.0.75-18000\webapps\ROOT has finished in 93 ms
九月 11, 2017 2:14:57 下午 org.apache.coyote.AbstractProtocol start
信息: Starting ProtocolHandler ["http-apr-18000"]
九月 11, 2017 2:14:57 下午 org.apache.coyote.AbstractProtocol start
信息: Starting ProtocolHandler ["ajp-apr-8001"]
九月 11, 2017 2:14:57 下午 org.apache.catalina.startup.Catalina start
信息: Server startup in 5488 ms
