四月 15, 2017 1:48:25 下午 org.apache.catalina.startup.VersionLoggerListener log
信息: Server version:        Apache Tomcat/7.0.75
四月 15, 2017 1:48:25 下午 org.apache.catalina.startup.VersionLoggerListener log
信息: Server built:          Jan 18 2017 20:54:42 UTC
四月 15, 2017 1:48:25 下午 org.apache.catalina.startup.VersionLoggerListener log
信息: Server number:         7.0.75.0
四月 15, 2017 1:48:25 下午 org.apache.catalina.startup.VersionLoggerListener log
信息: OS Name:               Windows 8.1
四月 15, 2017 1:48:25 下午 org.apache.catalina.startup.VersionLoggerListener log
信息: OS Version:            6.3
四月 15, 2017 1:48:25 下午 org.apache.catalina.startup.VersionLoggerListener log
信息: Architecture:          amd64
四月 15, 2017 1:48:25 下午 org.apache.catalina.startup.VersionLoggerListener log
信息: Java Home:             D:\Program Files\Java\jdk1.7.0\jre
四月 15, 2017 1:48:25 下午 org.apache.catalina.startup.VersionLoggerListener log
信息: JVM Version:           1.7.0_60-b19
四月 15, 2017 1:48:25 下午 org.apache.catalina.startup.VersionLoggerListener log
信息: JVM Vendor:            Oracle Corporation
四月 15, 2017 1:48:25 下午 org.apache.catalina.startup.VersionLoggerListener log
信息: CATALINA_BASE:         D:\apache-tomcat-7.0.75-18000
四月 15, 2017 1:48:25 下午 org.apache.catalina.startup.VersionLoggerListener log
信息: CATALINA_HOME:         D:\apache-tomcat-7.0.75-18000
四月 15, 2017 1:48:25 下午 org.apache.catalina.startup.VersionLoggerListener log
信息: Command line argument: -Djava.util.logging.config.file=D:\apache-tomcat-7.0.75-18000\conf\logging.properties
四月 15, 2017 1:48:25 下午 org.apache.catalina.startup.VersionLoggerListener log
信息: Command line argument: -Djava.util.logging.manager=org.apache.juli.ClassLoaderLogManager
四月 15, 2017 1:48:25 下午 org.apache.catalina.startup.VersionLoggerListener log
信息: Command line argument: -Djdk.tls.ephemeralDHKeySize=2048
四月 15, 2017 1:48:25 下午 org.apache.catalina.startup.VersionLoggerListener log
信息: Command line argument: -Djava.endorsed.dirs=\endorsed
四月 15, 2017 1:48:25 下午 org.apache.catalina.startup.VersionLoggerListener log
信息: Command line argument: -Dcatalina.base=D:\apache-tomcat-7.0.75-18000
四月 15, 2017 1:48:25 下午 org.apache.catalina.startup.VersionLoggerListener log
信息: Command line argument: -Dcatalina.home=D:\apache-tomcat-7.0.75-18000
四月 15, 2017 1:48:25 下午 org.apache.catalina.startup.VersionLoggerListener log
信息: Command line argument: -Djava.io.tmpdir=D:\apache-tomcat-7.0.75-18000\temp
四月 15, 2017 1:48:25 下午 org.apache.catalina.core.AprLifecycleListener lifecycleEvent
信息: Loaded APR based Apache Tomcat Native library 1.2.10 using APR version 1.5.2.
四月 15, 2017 1:48:25 下午 org.apache.catalina.core.AprLifecycleListener lifecycleEvent
信息: APR capabilities: IPv6 [true], sendfile [true], accept filters [false], random [true].
四月 15, 2017 1:48:25 下午 org.apache.catalina.core.AprLifecycleListener initializeSSL
信息: OpenSSL successfully initialized (OpenSSL 1.0.2j  26 Sep 2016)
四月 15, 2017 1:48:25 下午 org.apache.coyote.AbstractProtocol init
信息: Initializing ProtocolHandler ["http-apr-18000"]
四月 15, 2017 1:48:25 下午 org.apache.coyote.AbstractProtocol init
信息: Initializing ProtocolHandler ["ajp-apr-8000"]
四月 15, 2017 1:48:25 下午 org.apache.coyote.AbstractProtocol init
严重: Failed to initialize end point associated with ProtocolHandler ["ajp-apr-8000"]
java.lang.Exception: Socket bind failed: [730048] ?????????×???(Э?é/???????/???)????í??
	at org.apache.tomcat.util.net.AprEndpoint.bind(AprEndpoint.java:481)
	at org.apache.tomcat.util.net.AbstractEndpoint.init(AbstractEndpoint.java:715)
	at org.apache.coyote.AbstractProtocol.init(AbstractProtocol.java:452)
	at org.apache.catalina.connector.Connector.initInternal(Connector.java:978)
	at org.apache.catalina.util.LifecycleBase.init(LifecycleBase.java:102)
	at org.apache.catalina.core.StandardService.initInternal(StandardService.java:560)
	at org.apache.catalina.util.LifecycleBase.init(LifecycleBase.java:102)
	at org.apache.catalina.core.StandardServer.initInternal(StandardServer.java:840)
	at org.apache.catalina.util.LifecycleBase.init(LifecycleBase.java:102)
	at org.apache.catalina.startup.Catalina.load(Catalina.java:642)
	at org.apache.catalina.startup.Catalina.load(Catalina.java:667)
	at sun.reflect.NativeMethodAccessorImpl.invoke0(Native Method)
	at sun.reflect.NativeMethodAccessorImpl.invoke(NativeMethodAccessorImpl.java:57)
	at sun.reflect.DelegatingMethodAccessorImpl.invoke(DelegatingMethodAccessorImpl.java:43)
	at java.lang.reflect.Method.invoke(Method.java:606)
	at org.apache.catalina.startup.Bootstrap.load(Bootstrap.java:253)
	at org.apache.catalina.startup.Bootstrap.main(Bootstrap.java:427)

四月 15, 2017 1:48:25 下午 org.apache.catalina.core.StandardService initInternal
严重: Failed to initialize connector [Connector[AJP/1.3-8000]]
org.apache.catalina.LifecycleException: Failed to initialize component [Connector[AJP/1.3-8000]]
	at org.apache.catalina.util.LifecycleBase.init(LifecycleBase.java:107)
	at org.apache.catalina.core.StandardService.initInternal(StandardService.java:560)
	at org.apache.catalina.util.LifecycleBase.init(LifecycleBase.java:102)
	at org.apache.catalina.core.StandardServer.initInternal(StandardServer.java:840)
	at org.apache.catalina.util.LifecycleBase.init(LifecycleBase.java:102)
	at org.apache.catalina.startup.Catalina.load(Catalina.java:642)
	at org.apache.catalina.startup.Catalina.load(Catalina.java:667)
	at sun.reflect.NativeMethodAccessorImpl.invoke0(Native Method)
	at sun.reflect.NativeMethodAccessorImpl.invoke(NativeMethodAccessorImpl.java:57)
	at sun.reflect.DelegatingMethodAccessorImpl.invoke(DelegatingMethodAccessorImpl.java:43)
	at java.lang.reflect.Method.invoke(Method.java:606)
	at org.apache.catalina.startup.Bootstrap.load(Bootstrap.java:253)
	at org.apache.catalina.startup.Bootstrap.main(Bootstrap.java:427)
Caused by: org.apache.catalina.LifecycleException: Protocol handler initialization failed
	at org.apache.catalina.connector.Connector.initInternal(Connector.java:980)
	at org.apache.catalina.util.LifecycleBase.init(LifecycleBase.java:102)
	... 12 more
Caused by: java.lang.Exception: Socket bind failed: [730048] ?????????×???(Э?é/???????/???)????í??
	at org.apache.tomcat.util.net.AprEndpoint.bind(AprEndpoint.java:481)
	at org.apache.tomcat.util.net.AbstractEndpoint.init(AbstractEndpoint.java:715)
	at org.apache.coyote.AbstractProtocol.init(AbstractProtocol.java:452)
	at org.apache.catalina.connector.Connector.initInternal(Connector.java:978)
	... 13 more

四月 15, 2017 1:48:25 下午 org.apache.catalina.startup.Catalina load
信息: Initialization processed in 943 ms
四月 15, 2017 1:48:25 下午 org.apache.catalina.core.StandardService startInternal
信息: Starting service Catalina
四月 15, 2017 1:48:25 下午 org.apache.catalina.core.StandardEngine startInternal
信息: Starting Servlet Engine: Apache Tomcat/7.0.75
四月 15, 2017 1:48:25 下午 org.apache.catalina.startup.HostConfig deployWAR
信息: Deploying web application archive D:\apache-tomcat-7.0.75-18000\webapps\scube-server.war
四月 15, 2017 1:48:26 下午 org.apache.catalina.startup.TldConfig execute
信息: At least one JAR was scanned for TLDs yet contained no TLDs. Enable debug logging for this logger for a complete list of JARs that were scanned but no TLDs were found in them. Skipping unneeded JARs during scanning can improve startup time and JSP compilation time.
四月 15, 2017 1:48:28 下午 org.apache.catalina.startup.HostConfig deployWAR
信息: Deployment of web application archive D:\apache-tomcat-7.0.75-18000\webapps\scube-server.war has finished in 2,443 ms
四月 15, 2017 1:48:28 下午 org.apache.catalina.startup.HostConfig deployDirectory
信息: Deploying web application directory D:\apache-tomcat-7.0.75-18000\webapps\docs
四月 15, 2017 1:48:28 下午 org.apache.catalina.startup.HostConfig deployDirectory
信息: Deployment of web application directory D:\apache-tomcat-7.0.75-18000\webapps\docs has finished in 34 ms
四月 15, 2017 1:48:28 下午 org.apache.catalina.startup.HostConfig deployDirectory
信息: Deploying web application directory D:\apache-tomcat-7.0.75-18000\webapps\manager
四月 15, 2017 1:48:28 下午 org.apache.catalina.startup.HostConfig deployDirectory
信息: Deployment of web application directory D:\apache-tomcat-7.0.75-18000\webapps\manager has finished in 58 ms
四月 15, 2017 1:48:28 下午 org.apache.catalina.startup.HostConfig deployDirectory
信息: Deploying web application directory D:\apache-tomcat-7.0.75-18000\webapps\ROOT
四月 15, 2017 1:48:28 下午 org.apache.catalina.startup.HostConfig deployDirectory
信息: Deployment of web application directory D:\apache-tomcat-7.0.75-18000\webapps\ROOT has finished in 50 ms
四月 15, 2017 1:48:28 下午 org.apache.coyote.AbstractProtocol start
信息: Starting ProtocolHandler ["http-apr-18000"]
四月 15, 2017 1:48:28 下午 org.apache.catalina.startup.Catalina start
信息: Server startup in 2664 ms
四月 15, 2017 1:55:19 下午 org.apache.catalina.startup.VersionLoggerListener log
信息: Server version:        Apache Tomcat/7.0.75
四月 15, 2017 1:55:19 下午 org.apache.catalina.startup.VersionLoggerListener log
信息: Server built:          Jan 18 2017 20:54:42 UTC
四月 15, 2017 1:55:19 下午 org.apache.catalina.startup.VersionLoggerListener log
信息: Server number:         7.0.75.0
四月 15, 2017 1:55:19 下午 org.apache.catalina.startup.VersionLoggerListener log
信息: OS Name:               Windows 8.1
四月 15, 2017 1:55:19 下午 org.apache.catalina.startup.VersionLoggerListener log
信息: OS Version:            6.3
四月 15, 2017 1:55:19 下午 org.apache.catalina.startup.VersionLoggerListener log
信息: Architecture:          amd64
四月 15, 2017 1:55:19 下午 org.apache.catalina.startup.VersionLoggerListener log
信息: Java Home:             D:\Program Files\Java\jdk1.7.0\jre
四月 15, 2017 1:55:19 下午 org.apache.catalina.startup.VersionLoggerListener log
信息: JVM Version:           1.7.0_60-b19
四月 15, 2017 1:55:19 下午 org.apache.catalina.startup.VersionLoggerListener log
信息: JVM Vendor:            Oracle Corporation
四月 15, 2017 1:55:19 下午 org.apache.catalina.startup.VersionLoggerListener log
信息: CATALINA_BASE:         D:\apache-tomcat-7.0.75-18000
四月 15, 2017 1:55:19 下午 org.apache.catalina.startup.VersionLoggerListener log
信息: CATALINA_HOME:         D:\apache-tomcat-7.0.75-18000
四月 15, 2017 1:55:19 下午 org.apache.catalina.startup.VersionLoggerListener log
信息: Command line argument: -Djava.util.logging.config.file=D:\apache-tomcat-7.0.75-18000\conf\logging.properties
四月 15, 2017 1:55:19 下午 org.apache.catalina.startup.VersionLoggerListener log
信息: Command line argument: -Djava.util.logging.manager=org.apache.juli.ClassLoaderLogManager
四月 15, 2017 1:55:19 下午 org.apache.catalina.startup.VersionLoggerListener log
信息: Command line argument: -Djdk.tls.ephemeralDHKeySize=2048
四月 15, 2017 1:55:19 下午 org.apache.catalina.startup.VersionLoggerListener log
信息: Command line argument: -Djava.endorsed.dirs=\endorsed
四月 15, 2017 1:55:19 下午 org.apache.catalina.startup.VersionLoggerListener log
信息: Command line argument: -Dcatalina.base=D:\apache-tomcat-7.0.75-18000
四月 15, 2017 1:55:19 下午 org.apache.catalina.startup.VersionLoggerListener log
信息: Command line argument: -Dcatalina.home=D:\apache-tomcat-7.0.75-18000
四月 15, 2017 1:55:19 下午 org.apache.catalina.startup.VersionLoggerListener log
信息: Command line argument: -Djava.io.tmpdir=D:\apache-tomcat-7.0.75-18000\temp
四月 15, 2017 1:55:19 下午 org.apache.catalina.core.AprLifecycleListener lifecycleEvent
信息: Loaded APR based Apache Tomcat Native library 1.2.10 using APR version 1.5.2.
四月 15, 2017 1:55:19 下午 org.apache.catalina.core.AprLifecycleListener lifecycleEvent
信息: APR capabilities: IPv6 [true], sendfile [true], accept filters [false], random [true].
四月 15, 2017 1:55:20 下午 org.apache.catalina.core.AprLifecycleListener initializeSSL
信息: OpenSSL successfully initialized (OpenSSL 1.0.2j  26 Sep 2016)
四月 15, 2017 1:55:20 下午 org.apache.coyote.AbstractProtocol init
信息: Initializing ProtocolHandler ["http-apr-18000"]
四月 15, 2017 1:55:20 下午 org.apache.coyote.AbstractProtocol init
信息: Initializing ProtocolHandler ["ajp-apr-8001"]
四月 15, 2017 1:55:20 下午 org.apache.catalina.startup.Catalina load
信息: Initialization processed in 892 ms
四月 15, 2017 1:55:20 下午 org.apache.catalina.core.StandardService startInternal
信息: Starting service Catalina
四月 15, 2017 1:55:20 下午 org.apache.catalina.core.StandardEngine startInternal
信息: Starting Servlet Engine: Apache Tomcat/7.0.75
四月 15, 2017 1:55:20 下午 org.apache.catalina.startup.HostConfig deployWAR
信息: Deploying web application archive D:\apache-tomcat-7.0.75-18000\webapps\scube-server.war
四月 15, 2017 1:55:21 下午 org.apache.catalina.startup.TldConfig execute
信息: At least one JAR was scanned for TLDs yet contained no TLDs. Enable debug logging for this logger for a complete list of JARs that were scanned but no TLDs were found in them. Skipping unneeded JARs during scanning can improve startup time and JSP compilation time.
四月 15, 2017 1:55:22 下午 org.apache.catalina.startup.HostConfig deployWAR
信息: Deployment of web application archive D:\apache-tomcat-7.0.75-18000\webapps\scube-server.war has finished in 2,256 ms
四月 15, 2017 1:55:22 下午 org.apache.catalina.startup.HostConfig deployDirectory
信息: Deploying web application directory D:\apache-tomcat-7.0.75-18000\webapps\docs
四月 15, 2017 1:55:22 下午 org.apache.catalina.startup.HostConfig deployDirectory
信息: Deployment of web application directory D:\apache-tomcat-7.0.75-18000\webapps\docs has finished in 46 ms
四月 15, 2017 1:55:22 下午 org.apache.catalina.startup.HostConfig deployDirectory
信息: Deploying web application directory D:\apache-tomcat-7.0.75-18000\webapps\manager
四月 15, 2017 1:55:22 下午 org.apache.catalina.startup.HostConfig deployDirectory
信息: Deployment of web application directory D:\apache-tomcat-7.0.75-18000\webapps\manager has finished in 58 ms
四月 15, 2017 1:55:22 下午 org.apache.catalina.startup.HostConfig deployDirectory
信息: Deploying web application directory D:\apache-tomcat-7.0.75-18000\webapps\ROOT
四月 15, 2017 1:55:22 下午 org.apache.catalina.startup.HostConfig deployDirectory
信息: Deployment of web application directory D:\apache-tomcat-7.0.75-18000\webapps\ROOT has finished in 45 ms
四月 15, 2017 1:55:22 下午 org.apache.coyote.AbstractProtocol start
信息: Starting ProtocolHandler ["http-apr-18000"]
四月 15, 2017 1:55:22 下午 org.apache.coyote.AbstractProtocol start
信息: Starting ProtocolHandler ["ajp-apr-8001"]
四月 15, 2017 1:55:22 下午 org.apache.catalina.startup.Catalina start
信息: Server startup in 2482 ms
