九月 08, 2017 3:27:10 下午 org.apache.catalina.core.ApplicationContext log
信息: No Spring WebApplicationInitializer types detected on classpath
九月 08, 2017 3:27:10 下午 org.apache.catalina.core.ApplicationContext log
信息: Set web app root system property: 'webapp.root' = [D:\apps\Tomcat\apache-tomcat-7.0.75-18000\webapps\scube-server\]
九月 08, 2017 3:27:10 下午 org.apache.catalina.core.ApplicationContext log
信息: Initializing Logback from [file:/apps/config/scube-app/logback.xml]
九月 08, 2017 3:27:10 下午 org.apache.catalina.core.ApplicationContext log
信息: JUL to SLF4J bridge is not available on the classpath
九月 08, 2017 3:27:10 下午 org.apache.catalina.core.StandardContext listenerStart
严重: Exception sending context initialized event to listener instance of class com.huateng.scube.web.LicenseListener
com.huateng.scube.exception.ScubeFrameworkException: {"error_message":"Verify Application License: Invalid", "error_code":"null"}
	at com.huateng.scube.web.LicenseListener.contextInitialized(LicenseListener.java:69)
	at org.apache.catalina.core.StandardContext.listenerStart(StandardContext.java:5118)
	at org.apache.catalina.core.StandardContext.startInternal(StandardContext.java:5634)
	at org.apache.catalina.util.LifecycleBase.start(LifecycleBase.java:145)
	at org.apache.catalina.core.ContainerBase.addChildInternal(ContainerBase.java:899)
	at org.apache.catalina.core.ContainerBase.addChild(ContainerBase.java:875)
	at org.apache.catalina.core.StandardHost.addChild(StandardHost.java:652)
	at org.apache.catalina.startup.HostConfig.deployWAR(HostConfig.java:1092)
	at org.apache.catalina.startup.HostConfig$DeployWar.run(HostConfig.java:1984)
	at java.util.concurrent.Executors$RunnableAdapter.call(Executors.java:511)
	at java.util.concurrent.FutureTask.run(FutureTask.java:266)
	at java.util.concurrent.ThreadPoolExecutor.runWorker(ThreadPoolExecutor.java:1142)
	at java.util.concurrent.ThreadPoolExecutor$Worker.run(ThreadPoolExecutor.java:617)
	at java.lang.Thread.run(Thread.java:745)

九月 08, 2017 3:27:10 下午 org.apache.catalina.core.ApplicationContext log
信息: Initializing Spring root WebApplicationContext
九月 08, 2017 3:27:12 下午 org.apache.catalina.core.ApplicationContext log
信息: Closing Spring root WebApplicationContext
九月 08, 2017 3:28:25 下午 org.apache.catalina.core.ApplicationContext log
信息: No Spring WebApplicationInitializer types detected on classpath
九月 08, 2017 3:28:25 下午 org.apache.catalina.core.ApplicationContext log
信息: Set web app root system property: 'webapp.root' = [D:\apps\Tomcat\apache-tomcat-7.0.75-18000\webapps\scube-server\]
九月 08, 2017 3:28:25 下午 org.apache.catalina.core.ApplicationContext log
信息: Initializing Logback from [file:/apps/config/scube-app/logback.xml]
九月 08, 2017 3:28:26 下午 org.apache.catalina.core.ApplicationContext log
信息: JUL to SLF4J bridge is not available on the classpath
九月 08, 2017 3:28:26 下午 org.apache.catalina.core.ApplicationContext log
信息: Initializing Spring root WebApplicationContext
