九月 12, 2017 9:22:51 上午 org.apache.catalina.core.ApplicationContext log
信息: No Spring WebApplicationInitializer types detected on classpath
九月 12, 2017 9:22:51 上午 org.apache.catalina.core.ApplicationContext log
信息: Set web app root system property: 'webapp.root' = [D:\apps\Tomcat\apache-tomcat-7.0.75-18000\webapps\scube-server\]
九月 12, 2017 9:22:51 上午 org.apache.catalina.core.ApplicationContext log
信息: Initializing Logback from [file:/apps/config/scube-app/logback.xml]
九月 12, 2017 9:22:51 上午 org.apache.catalina.core.ApplicationContext log
信息: JUL to SLF4J bridge is not available on the classpath
九月 12, 2017 9:22:51 上午 org.apache.catalina.core.ApplicationContext log
信息: Initializing Spring root WebApplicationContext
九月 12, 2017 11:01:48 上午 org.apache.catalina.core.ApplicationContext log
信息: No Spring WebApplicationInitializer types detected on classpath
九月 12, 2017 11:01:48 上午 org.apache.catalina.core.ApplicationContext log
信息: Set web app root system property: 'webapp.root' = [D:\apps\Tomcat\apache-tomcat-7.0.75-18000\webapps\scube-server\]
九月 12, 2017 11:01:48 上午 org.apache.catalina.core.ApplicationContext log
信息: Initializing Logback from [file:/apps/config/scube-app/logback.xml]
九月 12, 2017 11:01:49 上午 org.apache.catalina.core.ApplicationContext log
信息: JUL to SLF4J bridge is not available on the classpath
九月 12, 2017 11:01:49 上午 org.apache.catalina.core.ApplicationContext log
信息: Initializing Spring root WebApplicationContext
