二月 08, 2017 8:34:26 下午 org.apache.catalina.core.ApplicationContext log
信息: No Spring WebApplicationInitializer types detected on classpath
二月 08, 2017 8:34:26 下午 org.apache.catalina.core.ApplicationContext log
信息: Set web app root system property: 'webapp.root' = [C:\apache-tomcat-7.0.75-18000\webapps\scube-server\]
二月 08, 2017 8:34:26 下午 org.apache.catalina.core.ApplicationContext log
信息: Initializing Logback from [file:/apps/config/scube-app/logback.xml]
二月 08, 2017 8:34:26 下午 org.apache.catalina.core.StandardContext listenerStart
严重: Exception sending context initialized event to listener instance of class ch.qos.logback.ext.spring.web.LogbackConfigListener
java.lang.RuntimeException: Unexpected error while configuring logback
	at ch.qos.logback.ext.spring.web.WebLogbackConfigurer.initLogging(WebLogbackConfigurer.java:146)
	at ch.qos.logback.ext.spring.web.LogbackConfigListener.contextInitialized(LogbackConfigListener.java:54)
	at org.apache.catalina.core.StandardContext.listenerStart(StandardContext.java:5118)
	at org.apache.catalina.core.StandardContext.startInternal(StandardContext.java:5634)
	at org.apache.catalina.util.LifecycleBase.start(LifecycleBase.java:145)
	at org.apache.catalina.core.ContainerBase.addChildInternal(ContainerBase.java:899)
	at org.apache.catalina.core.ContainerBase.addChild(ContainerBase.java:875)
	at org.apache.catalina.core.StandardHost.addChild(StandardHost.java:652)
	at org.apache.catalina.startup.HostConfig.deployWAR(HostConfig.java:1092)
	at org.apache.catalina.startup.HostConfig$DeployWar.run(HostConfig.java:1984)
	at java.util.concurrent.Executors$RunnableAdapter.call(Executors.java:471)
	at java.util.concurrent.FutureTask.run(FutureTask.java:262)
	at java.util.concurrent.ThreadPoolExecutor.runWorker(ThreadPoolExecutor.java:1145)
	at java.util.concurrent.ThreadPoolExecutor$Worker.run(ThreadPoolExecutor.java:615)
	at java.lang.Thread.run(Thread.java:745)
Caused by: ch.qos.logback.core.joran.spi.JoranException: Could not open URL [file:/apps/config/scube-app/logback.xml].
	at ch.qos.logback.core.joran.GenericConfigurator.doConfigure(GenericConfigurator.java:60)
	at ch.qos.logback.classic.util.ContextInitializer.configureByResource(ContextInitializer.java:75)
	at ch.qos.logback.ext.spring.LogbackConfigurer.initLogging(LogbackConfigurer.java:78)
	at ch.qos.logback.ext.spring.web.WebLogbackConfigurer.initLogging(WebLogbackConfigurer.java:142)
	... 14 more
Caused by: java.io.FileNotFoundException: \apps\config\scube-app\logback.xml (系统找不到指定的路径。)
	at java.io.FileInputStream.open(Native Method)
	at java.io.FileInputStream.<init>(FileInputStream.java:146)
	at java.io.FileInputStream.<init>(FileInputStream.java:101)
	at sun.net.www.protocol.file.FileURLConnection.connect(FileURLConnection.java:90)
	at sun.net.www.protocol.file.FileURLConnection.getInputStream(FileURLConnection.java:188)
	at ch.qos.logback.core.joran.GenericConfigurator.doConfigure(GenericConfigurator.java:55)
	... 17 more

二月 08, 2017 8:34:26 下午 org.apache.catalina.core.ApplicationContext log
信息: Initializing Spring root WebApplicationContext
二月 08, 2017 8:34:26 下午 org.apache.catalina.core.StandardContext listenerStart
严重: Exception sending context initialized event to listener instance of class org.springframework.web.context.ContextLoaderListener
org.springframework.beans.factory.BeanCreationException: Error creating bean with name 'serverConfig': Injection of autowired dependencies failed; nested exception is org.springframework.beans.factory.BeanCreationException: Could not autowire method: public void com.huateng.scube.server.common.ServerConfig.setRegisterTimout(java.lang.Long); nested exception is org.springframework.beans.factory.BeanExpressionException: Expression parsing failed; nested exception is org.springframework.beans.factory.BeanCreationException: Error creating bean with name 'propertyConfigurer' defined in URL [file:/C:/apache-tomcat-7.0.75-18000/webapps/scube-server/WEB-INF/classes/applicationContext.xml]: Invocation of init method failed; nested exception is java.io.FileNotFoundException: \apps\config\scube-app\config.properties (系统找不到指定的路径。)
	at org.springframework.beans.factory.annotation.AutowiredAnnotationBeanPostProcessor.postProcessPropertyValues(AutowiredAnnotationBeanPostProcessor.java:287)
	at org.springframework.beans.factory.support.AbstractAutowireCapableBeanFactory.populateBean(AbstractAutowireCapableBeanFactory.java:1106)
	at org.springframework.beans.factory.support.AbstractAutowireCapableBeanFactory.doCreateBean(AbstractAutowireCapableBeanFactory.java:517)
	at org.springframework.beans.factory.support.AbstractAutowireCapableBeanFactory.createBean(AbstractAutowireCapableBeanFactory.java:456)
	at org.springframework.beans.factory.support.AbstractBeanFactory$1.getObject(AbstractBeanFactory.java:294)
	at org.springframework.beans.factory.support.DefaultSingletonBeanRegistry.getSingleton(DefaultSingletonBeanRegistry.java:225)
	at org.springframework.beans.factory.support.AbstractBeanFactory.doGetBean(AbstractBeanFactory.java:291)
	at org.springframework.beans.factory.support.AbstractBeanFactory.getBean(AbstractBeanFactory.java:193)
	at org.springframework.beans.factory.support.DefaultListableBeanFactory.preInstantiateSingletons(DefaultListableBeanFactory.java:607)
	at org.springframework.context.support.AbstractApplicationContext.finishBeanFactoryInitialization(AbstractApplicationContext.java:925)
	at org.springframework.context.support.AbstractApplicationContext.refresh(AbstractApplicationContext.java:472)
	at org.springframework.web.context.ContextLoader.configureAndRefreshWebApplicationContext(ContextLoader.java:388)
	at org.springframework.web.context.ContextLoader.initWebApplicationContext(ContextLoader.java:293)
	at org.springframework.web.context.ContextLoaderListener.contextInitialized(ContextLoaderListener.java:111)
	at org.apache.catalina.core.StandardContext.listenerStart(StandardContext.java:5118)
	at org.apache.catalina.core.StandardContext.startInternal(StandardContext.java:5634)
	at org.apache.catalina.util.LifecycleBase.start(LifecycleBase.java:145)
	at org.apache.catalina.core.ContainerBase.addChildInternal(ContainerBase.java:899)
	at org.apache.catalina.core.ContainerBase.addChild(ContainerBase.java:875)
	at org.apache.catalina.core.StandardHost.addChild(StandardHost.java:652)
	at org.apache.catalina.startup.HostConfig.deployWAR(HostConfig.java:1092)
	at org.apache.catalina.startup.HostConfig$DeployWar.run(HostConfig.java:1984)
	at java.util.concurrent.Executors$RunnableAdapter.call(Executors.java:471)
	at java.util.concurrent.FutureTask.run(FutureTask.java:262)
	at java.util.concurrent.ThreadPoolExecutor.runWorker(ThreadPoolExecutor.java:1145)
	at java.util.concurrent.ThreadPoolExecutor$Worker.run(ThreadPoolExecutor.java:615)
	at java.lang.Thread.run(Thread.java:745)
Caused by: org.springframework.beans.factory.BeanCreationException: Could not autowire method: public void com.huateng.scube.server.common.ServerConfig.setRegisterTimout(java.lang.Long); nested exception is org.springframework.beans.factory.BeanExpressionException: Expression parsing failed; nested exception is org.springframework.beans.factory.BeanCreationException: Error creating bean with name 'propertyConfigurer' defined in URL [file:/C:/apache-tomcat-7.0.75-18000/webapps/scube-server/WEB-INF/classes/applicationContext.xml]: Invocation of init method failed; nested exception is java.io.FileNotFoundException: \apps\config\scube-app\config.properties (系统找不到指定的路径。)
	at org.springframework.beans.factory.annotation.AutowiredAnnotationBeanPostProcessor$AutowiredMethodElement.inject(AutowiredAnnotationBeanPostProcessor.java:600)
	at org.springframework.beans.factory.annotation.InjectionMetadata.inject(InjectionMetadata.java:92)
	at org.springframework.beans.factory.annotation.AutowiredAnnotationBeanPostProcessor.postProcessPropertyValues(AutowiredAnnotationBeanPostProcessor.java:284)
	... 26 more
Caused by: org.springframework.beans.factory.BeanExpressionException: Expression parsing failed; nested exception is org.springframework.beans.factory.BeanCreationException: Error creating bean with name 'propertyConfigurer' defined in URL [file:/C:/apache-tomcat-7.0.75-18000/webapps/scube-server/WEB-INF/classes/applicationContext.xml]: Invocation of init method failed; nested exception is java.io.FileNotFoundException: \apps\config\scube-app\config.properties (系统找不到指定的路径。)
	at org.springframework.context.expression.StandardBeanExpressionResolver.evaluate(StandardBeanExpressionResolver.java:142)
	at org.springframework.beans.factory.support.AbstractBeanFactory.evaluateBeanDefinitionString(AbstractBeanFactory.java:1299)
	at org.springframework.beans.factory.support.DefaultListableBeanFactory.doResolveDependency(DefaultListableBeanFactory.java:742)
	at org.springframework.beans.factory.support.DefaultListableBeanFactory.resolveDependency(DefaultListableBeanFactory.java:730)
	at org.springframework.beans.factory.annotation.AutowiredAnnotationBeanPostProcessor$AutowiredMethodElement.inject(AutowiredAnnotationBeanPostProcessor.java:558)
	... 28 more
Caused by: org.springframework.beans.factory.BeanCreationException: Error creating bean with name 'propertyConfigurer' defined in URL [file:/C:/apache-tomcat-7.0.75-18000/webapps/scube-server/WEB-INF/classes/applicationContext.xml]: Invocation of init method failed; nested exception is java.io.FileNotFoundException: \apps\config\scube-app\config.properties (系统找不到指定的路径。)
	at org.springframework.beans.factory.support.AbstractAutowireCapableBeanFactory.initializeBean(AbstractAutowireCapableBeanFactory.java:1455)
	at org.springframework.beans.factory.support.AbstractAutowireCapableBeanFactory.doCreateBean(AbstractAutowireCapableBeanFactory.java:519)
	at org.springframework.beans.factory.support.AbstractAutowireCapableBeanFactory.createBean(AbstractAutowireCapableBeanFactory.java:456)
	at org.springframework.beans.factory.support.AbstractBeanFactory$1.getObject(AbstractBeanFactory.java:294)
	at org.springframework.beans.factory.support.DefaultSingletonBeanRegistry.getSingleton(DefaultSingletonBeanRegistry.java:225)
	at org.springframework.beans.factory.support.AbstractBeanFactory.doGetBean(AbstractBeanFactory.java:291)
	at org.springframework.beans.factory.support.AbstractBeanFactory.getBean(AbstractBeanFactory.java:193)
	at org.springframework.beans.factory.config.BeanExpressionContext.getObject(BeanExpressionContext.java:56)
	at org.springframework.context.expression.BeanExpressionContextAccessor.read(BeanExpressionContextAccessor.java:40)
	at org.springframework.expression.spel.ast.PropertyOrFieldReference.readProperty(PropertyOrFieldReference.java:196)
	at org.springframework.expression.spel.ast.PropertyOrFieldReference.getValueInternal(PropertyOrFieldReference.java:72)
	at org.springframework.expression.spel.ast.CompoundExpression.getValueInternal(CompoundExpression.java:52)
	at org.springframework.expression.spel.ast.SpelNodeImpl.getValue(SpelNodeImpl.java:93)
	at org.springframework.expression.spel.standard.SpelExpression.getValue(SpelExpression.java:88)
	at org.springframework.context.expression.StandardBeanExpressionResolver.evaluate(StandardBeanExpressionResolver.java:139)
	... 32 more
Caused by: java.io.FileNotFoundException: \apps\config\scube-app\config.properties (系统找不到指定的路径。)
	at java.io.FileInputStream.open(Native Method)
	at java.io.FileInputStream.<init>(FileInputStream.java:146)
	at java.io.FileInputStream.<init>(FileInputStream.java:101)
	at sun.net.www.protocol.file.FileURLConnection.connect(FileURLConnection.java:90)
	at sun.net.www.protocol.file.FileURLConnection.getInputStream(FileURLConnection.java:188)
	at org.springframework.core.io.UrlResource.getInputStream(UrlResource.java:125)
	at org.springframework.core.io.support.PropertiesLoaderSupport.loadProperties(PropertiesLoaderSupport.java:181)
	at org.springframework.core.io.support.PropertiesLoaderSupport.mergeProperties(PropertiesLoaderSupport.java:161)
	at org.springframework.beans.factory.config.PropertiesFactoryBean.createInstance(PropertiesFactoryBean.java:113)
	at org.springframework.beans.factory.config.PropertiesFactoryBean.createProperties(PropertiesFactoryBean.java:98)
	at org.springframework.beans.factory.config.PropertiesFactoryBean.afterPropertiesSet(PropertiesFactoryBean.java:69)
	at org.springframework.beans.factory.support.AbstractAutowireCapableBeanFactory.invokeInitMethods(AbstractAutowireCapableBeanFactory.java:1514)
	at org.springframework.beans.factory.support.AbstractAutowireCapableBeanFactory.initializeBean(AbstractAutowireCapableBeanFactory.java:1452)
	... 46 more

二月 08, 2017 8:34:26 下午 org.apache.catalina.core.ApplicationContext log
信息: Closing Spring root WebApplicationContext
二月 08, 2017 8:34:26 下午 org.apache.catalina.core.ApplicationContext log
信息: Shutting down Logback
二月 08, 2017 8:39:48 下午 org.apache.catalina.core.ApplicationContext log
信息: No Spring WebApplicationInitializer types detected on classpath
二月 08, 2017 8:39:48 下午 org.apache.catalina.core.ApplicationContext log
信息: Set web app root system property: 'webapp.root' = [C:\apache-tomcat-7.0.75-18000\webapps\scube-server\]
二月 08, 2017 8:39:48 下午 org.apache.catalina.core.ApplicationContext log
信息: Initializing Logback from [file:/apps/config/scube-app/logback.xml]
二月 08, 2017 8:39:48 下午 org.apache.catalina.core.StandardContext listenerStart
严重: Exception sending context initialized event to listener instance of class ch.qos.logback.ext.spring.web.LogbackConfigListener
java.lang.RuntimeException: Unexpected error while configuring logback
	at ch.qos.logback.ext.spring.web.WebLogbackConfigurer.initLogging(WebLogbackConfigurer.java:146)
	at ch.qos.logback.ext.spring.web.LogbackConfigListener.contextInitialized(LogbackConfigListener.java:54)
	at org.apache.catalina.core.StandardContext.listenerStart(StandardContext.java:5118)
	at org.apache.catalina.core.StandardContext.startInternal(StandardContext.java:5634)
	at org.apache.catalina.util.LifecycleBase.start(LifecycleBase.java:145)
	at org.apache.catalina.core.ContainerBase.addChildInternal(ContainerBase.java:899)
	at org.apache.catalina.core.ContainerBase.addChild(ContainerBase.java:875)
	at org.apache.catalina.core.StandardHost.addChild(StandardHost.java:652)
	at org.apache.catalina.startup.HostConfig.deployWAR(HostConfig.java:1092)
	at org.apache.catalina.startup.HostConfig$DeployWar.run(HostConfig.java:1984)
	at java.util.concurrent.Executors$RunnableAdapter.call(Executors.java:471)
	at java.util.concurrent.FutureTask.run(FutureTask.java:262)
	at java.util.concurrent.ThreadPoolExecutor.runWorker(ThreadPoolExecutor.java:1145)
	at java.util.concurrent.ThreadPoolExecutor$Worker.run(ThreadPoolExecutor.java:615)
	at java.lang.Thread.run(Thread.java:745)
Caused by: ch.qos.logback.core.joran.spi.JoranException: Could not open URL [file:/apps/config/scube-app/logback.xml].
	at ch.qos.logback.core.joran.GenericConfigurator.doConfigure(GenericConfigurator.java:60)
	at ch.qos.logback.classic.util.ContextInitializer.configureByResource(ContextInitializer.java:75)
	at ch.qos.logback.ext.spring.LogbackConfigurer.initLogging(LogbackConfigurer.java:78)
	at ch.qos.logback.ext.spring.web.WebLogbackConfigurer.initLogging(WebLogbackConfigurer.java:142)
	... 14 more
Caused by: java.io.FileNotFoundException: \apps\config\scube-app\logback.xml (系统找不到指定的路径。)
	at java.io.FileInputStream.open(Native Method)
	at java.io.FileInputStream.<init>(FileInputStream.java:146)
	at java.io.FileInputStream.<init>(FileInputStream.java:101)
	at sun.net.www.protocol.file.FileURLConnection.connect(FileURLConnection.java:90)
	at sun.net.www.protocol.file.FileURLConnection.getInputStream(FileURLConnection.java:188)
	at ch.qos.logback.core.joran.GenericConfigurator.doConfigure(GenericConfigurator.java:55)
	... 17 more

二月 08, 2017 8:39:48 下午 org.apache.catalina.core.ApplicationContext log
信息: Initializing Spring root WebApplicationContext
二月 08, 2017 8:39:48 下午 org.apache.catalina.core.StandardContext listenerStart
严重: Exception sending context initialized event to listener instance of class org.springframework.web.context.ContextLoaderListener
org.springframework.beans.factory.BeanCreationException: Error creating bean with name 'serverConfig': Injection of autowired dependencies failed; nested exception is org.springframework.beans.factory.BeanCreationException: Could not autowire method: public void com.huateng.scube.server.common.ServerConfig.setRegisterTimout(java.lang.Long); nested exception is org.springframework.beans.factory.BeanExpressionException: Expression parsing failed; nested exception is org.springframework.beans.factory.BeanCreationException: Error creating bean with name 'propertyConfigurer' defined in URL [file:/C:/apache-tomcat-7.0.75-18000/webapps/scube-server/WEB-INF/classes/applicationContext.xml]: Invocation of init method failed; nested exception is java.io.FileNotFoundException: \apps\config\scube-app\config.properties (系统找不到指定的路径。)
	at org.springframework.beans.factory.annotation.AutowiredAnnotationBeanPostProcessor.postProcessPropertyValues(AutowiredAnnotationBeanPostProcessor.java:287)
	at org.springframework.beans.factory.support.AbstractAutowireCapableBeanFactory.populateBean(AbstractAutowireCapableBeanFactory.java:1106)
	at org.springframework.beans.factory.support.AbstractAutowireCapableBeanFactory.doCreateBean(AbstractAutowireCapableBeanFactory.java:517)
	at org.springframework.beans.factory.support.AbstractAutowireCapableBeanFactory.createBean(AbstractAutowireCapableBeanFactory.java:456)
	at org.springframework.beans.factory.support.AbstractBeanFactory$1.getObject(AbstractBeanFactory.java:294)
	at org.springframework.beans.factory.support.DefaultSingletonBeanRegistry.getSingleton(DefaultSingletonBeanRegistry.java:225)
	at org.springframework.beans.factory.support.AbstractBeanFactory.doGetBean(AbstractBeanFactory.java:291)
	at org.springframework.beans.factory.support.AbstractBeanFactory.getBean(AbstractBeanFactory.java:193)
	at org.springframework.beans.factory.support.DefaultListableBeanFactory.preInstantiateSingletons(DefaultListableBeanFactory.java:607)
	at org.springframework.context.support.AbstractApplicationContext.finishBeanFactoryInitialization(AbstractApplicationContext.java:925)
	at org.springframework.context.support.AbstractApplicationContext.refresh(AbstractApplicationContext.java:472)
	at org.springframework.web.context.ContextLoader.configureAndRefreshWebApplicationContext(ContextLoader.java:388)
	at org.springframework.web.context.ContextLoader.initWebApplicationContext(ContextLoader.java:293)
	at org.springframework.web.context.ContextLoaderListener.contextInitialized(ContextLoaderListener.java:111)
	at org.apache.catalina.core.StandardContext.listenerStart(StandardContext.java:5118)
	at org.apache.catalina.core.StandardContext.startInternal(StandardContext.java:5634)
	at org.apache.catalina.util.LifecycleBase.start(LifecycleBase.java:145)
	at org.apache.catalina.core.ContainerBase.addChildInternal(ContainerBase.java:899)
	at org.apache.catalina.core.ContainerBase.addChild(ContainerBase.java:875)
	at org.apache.catalina.core.StandardHost.addChild(StandardHost.java:652)
	at org.apache.catalina.startup.HostConfig.deployWAR(HostConfig.java:1092)
	at org.apache.catalina.startup.HostConfig$DeployWar.run(HostConfig.java:1984)
	at java.util.concurrent.Executors$RunnableAdapter.call(Executors.java:471)
	at java.util.concurrent.FutureTask.run(FutureTask.java:262)
	at java.util.concurrent.ThreadPoolExecutor.runWorker(ThreadPoolExecutor.java:1145)
	at java.util.concurrent.ThreadPoolExecutor$Worker.run(ThreadPoolExecutor.java:615)
	at java.lang.Thread.run(Thread.java:745)
Caused by: org.springframework.beans.factory.BeanCreationException: Could not autowire method: public void com.huateng.scube.server.common.ServerConfig.setRegisterTimout(java.lang.Long); nested exception is org.springframework.beans.factory.BeanExpressionException: Expression parsing failed; nested exception is org.springframework.beans.factory.BeanCreationException: Error creating bean with name 'propertyConfigurer' defined in URL [file:/C:/apache-tomcat-7.0.75-18000/webapps/scube-server/WEB-INF/classes/applicationContext.xml]: Invocation of init method failed; nested exception is java.io.FileNotFoundException: \apps\config\scube-app\config.properties (系统找不到指定的路径。)
	at org.springframework.beans.factory.annotation.AutowiredAnnotationBeanPostProcessor$AutowiredMethodElement.inject(AutowiredAnnotationBeanPostProcessor.java:600)
	at org.springframework.beans.factory.annotation.InjectionMetadata.inject(InjectionMetadata.java:92)
	at org.springframework.beans.factory.annotation.AutowiredAnnotationBeanPostProcessor.postProcessPropertyValues(AutowiredAnnotationBeanPostProcessor.java:284)
	... 26 more
Caused by: org.springframework.beans.factory.BeanExpressionException: Expression parsing failed; nested exception is org.springframework.beans.factory.BeanCreationException: Error creating bean with name 'propertyConfigurer' defined in URL [file:/C:/apache-tomcat-7.0.75-18000/webapps/scube-server/WEB-INF/classes/applicationContext.xml]: Invocation of init method failed; nested exception is java.io.FileNotFoundException: \apps\config\scube-app\config.properties (系统找不到指定的路径。)
	at org.springframework.context.expression.StandardBeanExpressionResolver.evaluate(StandardBeanExpressionResolver.java:142)
	at org.springframework.beans.factory.support.AbstractBeanFactory.evaluateBeanDefinitionString(AbstractBeanFactory.java:1299)
	at org.springframework.beans.factory.support.DefaultListableBeanFactory.doResolveDependency(DefaultListableBeanFactory.java:742)
	at org.springframework.beans.factory.support.DefaultListableBeanFactory.resolveDependency(DefaultListableBeanFactory.java:730)
	at org.springframework.beans.factory.annotation.AutowiredAnnotationBeanPostProcessor$AutowiredMethodElement.inject(AutowiredAnnotationBeanPostProcessor.java:558)
	... 28 more
Caused by: org.springframework.beans.factory.BeanCreationException: Error creating bean with name 'propertyConfigurer' defined in URL [file:/C:/apache-tomcat-7.0.75-18000/webapps/scube-server/WEB-INF/classes/applicationContext.xml]: Invocation of init method failed; nested exception is java.io.FileNotFoundException: \apps\config\scube-app\config.properties (系统找不到指定的路径。)
	at org.springframework.beans.factory.support.AbstractAutowireCapableBeanFactory.initializeBean(AbstractAutowireCapableBeanFactory.java:1455)
	at org.springframework.beans.factory.support.AbstractAutowireCapableBeanFactory.doCreateBean(AbstractAutowireCapableBeanFactory.java:519)
	at org.springframework.beans.factory.support.AbstractAutowireCapableBeanFactory.createBean(AbstractAutowireCapableBeanFactory.java:456)
	at org.springframework.beans.factory.support.AbstractBeanFactory$1.getObject(AbstractBeanFactory.java:294)
	at org.springframework.beans.factory.support.DefaultSingletonBeanRegistry.getSingleton(DefaultSingletonBeanRegistry.java:225)
	at org.springframework.beans.factory.support.AbstractBeanFactory.doGetBean(AbstractBeanFactory.java:291)
	at org.springframework.beans.factory.support.AbstractBeanFactory.getBean(AbstractBeanFactory.java:193)
	at org.springframework.beans.factory.config.BeanExpressionContext.getObject(BeanExpressionContext.java:56)
	at org.springframework.context.expression.BeanExpressionContextAccessor.read(BeanExpressionContextAccessor.java:40)
	at org.springframework.expression.spel.ast.PropertyOrFieldReference.readProperty(PropertyOrFieldReference.java:196)
	at org.springframework.expression.spel.ast.PropertyOrFieldReference.getValueInternal(PropertyOrFieldReference.java:72)
	at org.springframework.expression.spel.ast.CompoundExpression.getValueInternal(CompoundExpression.java:52)
	at org.springframework.expression.spel.ast.SpelNodeImpl.getValue(SpelNodeImpl.java:93)
	at org.springframework.expression.spel.standard.SpelExpression.getValue(SpelExpression.java:88)
	at org.springframework.context.expression.StandardBeanExpressionResolver.evaluate(StandardBeanExpressionResolver.java:139)
	... 32 more
Caused by: java.io.FileNotFoundException: \apps\config\scube-app\config.properties (系统找不到指定的路径。)
	at java.io.FileInputStream.open(Native Method)
	at java.io.FileInputStream.<init>(FileInputStream.java:146)
	at java.io.FileInputStream.<init>(FileInputStream.java:101)
	at sun.net.www.protocol.file.FileURLConnection.connect(FileURLConnection.java:90)
	at sun.net.www.protocol.file.FileURLConnection.getInputStream(FileURLConnection.java:188)
	at org.springframework.core.io.UrlResource.getInputStream(UrlResource.java:125)
	at org.springframework.core.io.support.PropertiesLoaderSupport.loadProperties(PropertiesLoaderSupport.java:181)
	at org.springframework.core.io.support.PropertiesLoaderSupport.mergeProperties(PropertiesLoaderSupport.java:161)
	at org.springframework.beans.factory.config.PropertiesFactoryBean.createInstance(PropertiesFactoryBean.java:113)
	at org.springframework.beans.factory.config.PropertiesFactoryBean.createProperties(PropertiesFactoryBean.java:98)
	at org.springframework.beans.factory.config.PropertiesFactoryBean.afterPropertiesSet(PropertiesFactoryBean.java:69)
	at org.springframework.beans.factory.support.AbstractAutowireCapableBeanFactory.invokeInitMethods(AbstractAutowireCapableBeanFactory.java:1514)
	at org.springframework.beans.factory.support.AbstractAutowireCapableBeanFactory.initializeBean(AbstractAutowireCapableBeanFactory.java:1452)
	... 46 more

二月 08, 2017 8:39:48 下午 org.apache.catalina.core.ApplicationContext log
信息: Closing Spring root WebApplicationContext
二月 08, 2017 8:39:48 下午 org.apache.catalina.core.ApplicationContext log
信息: Shutting down Logback
二月 08, 2017 8:41:12 下午 org.apache.catalina.core.ApplicationContext log
信息: No Spring WebApplicationInitializer types detected on classpath
二月 08, 2017 8:41:13 下午 org.apache.catalina.core.ApplicationContext log
信息: Set web app root system property: 'webapp.root' = [C:\apache-tomcat-7.0.75-18000\webapps\scube-server\]
二月 08, 2017 8:41:13 下午 org.apache.catalina.core.ApplicationContext log
信息: Initializing Logback from [file:/apps/config/scube-app/logback.xml]
二月 08, 2017 8:41:13 下午 org.apache.catalina.core.ApplicationContext log
信息: JUL to SLF4J bridge is not available on the classpath
二月 08, 2017 8:41:13 下午 org.apache.catalina.core.ApplicationContext log
信息: Initializing Spring root WebApplicationContext
