二月 14, 2017 1:38:48 下午 org.apache.catalina.core.ApplicationContext log
信息: No Spring WebApplicationInitializer types detected on classpath
二月 14, 2017 1:38:48 下午 org.apache.catalina.core.ApplicationContext log
信息: Set web app root system property: 'webapp.root' = [C:\apache-tomcat-7.0.75-18000\webapps\scube-server\]
二月 14, 2017 1:38:48 下午 org.apache.catalina.core.ApplicationContext log
信息: Initializing Logback from [file:/apps/config/scube-app/logback.xml]
二月 14, 2017 1:38:48 下午 org.apache.catalina.core.ApplicationContext log
信息: JUL to SLF4J bridge is not available on the classpath
二月 14, 2017 1:38:48 下午 org.apache.catalina.core.ApplicationContext log
信息: Initializing Spring root WebApplicationContext
二月 14, 2017 2:27:41 下午 org.apache.catalina.core.ApplicationContext log
信息: No Spring WebApplicationInitializer types detected on classpath
二月 14, 2017 2:27:41 下午 org.apache.catalina.core.ApplicationContext log
信息: Set web app root system property: 'webapp.root' = [C:\apache-tomcat-7.0.75-18000\webapps\scube-server\]
二月 14, 2017 2:27:41 下午 org.apache.catalina.core.ApplicationContext log
信息: Initializing Logback from [file:/apps/config/scube-app/logback.xml]
二月 14, 2017 2:27:41 下午 org.apache.catalina.core.ApplicationContext log
信息: JUL to SLF4J bridge is not available on the classpath
二月 14, 2017 2:27:41 下午 org.apache.catalina.core.ApplicationContext log
信息: Initializing Spring root WebApplicationContext
二月 14, 2017 2:44:58 下午 org.apache.catalina.core.ApplicationContext log
信息: No Spring WebApplicationInitializer types detected on classpath
二月 14, 2017 2:44:58 下午 org.apache.catalina.core.ApplicationContext log
信息: Set web app root system property: 'webapp.root' = [C:\apache-tomcat-7.0.75-18000\webapps\scube-server\]
二月 14, 2017 2:44:58 下午 org.apache.catalina.core.ApplicationContext log
信息: Initializing Logback from [file:/apps/config/scube-app/logback.xml]
二月 14, 2017 2:44:59 下午 org.apache.catalina.core.ApplicationContext log
信息: JUL to SLF4J bridge is not available on the classpath
二月 14, 2017 2:44:59 下午 org.apache.catalina.core.ApplicationContext log
信息: Initializing Spring root WebApplicationContext
