九月 14, 2017 9:32:32 上午 org.apache.catalina.core.ApplicationContext log
信息: No Spring WebApplicationInitializer types detected on classpath
九月 14, 2017 9:32:32 上午 org.apache.catalina.core.ApplicationContext log
信息: Set web app root system property: 'webapp.root' = [D:\apps\Tomcat\apache-tomcat-7.0.75-18000\webapps\scube-server\]
九月 14, 2017 9:32:32 上午 org.apache.catalina.core.ApplicationContext log
信息: Initializing Logback from [file:/apps/config/scube-app/logback.xml]
九月 14, 2017 9:32:34 上午 org.apache.catalina.core.ApplicationContext log
信息: JUL to SLF4J bridge is not available on the classpath
九月 14, 2017 9:32:34 上午 org.apache.catalina.core.ApplicationContext log
信息: Initializing Spring root WebApplicationContext
九月 14, 2017 4:45:22 下午 org.apache.catalina.core.ApplicationContext log
信息: No Spring WebApplicationInitializer types detected on classpath
九月 14, 2017 4:45:23 下午 org.apache.catalina.core.ApplicationContext log
信息: Set web app root system property: 'webapp.root' = [D:\apps\Tomcat\apache-tomcat-7.0.75-18000\webapps\scube-server\]
九月 14, 2017 4:45:23 下午 org.apache.catalina.core.ApplicationContext log
信息: Initializing Logback from [file:/apps/config/scube-app/logback.xml]
九月 14, 2017 4:45:24 下午 org.apache.catalina.core.ApplicationContext log
信息: JUL to SLF4J bridge is not available on the classpath
九月 14, 2017 4:45:24 下午 org.apache.catalina.core.ApplicationContext log
信息: Initializing Spring root WebApplicationContext
